<?xml version="1.0" encoding="UTF-8"?>
<!-- Generated by org.testng.reporters.JUnitReportReporter -->
<testsuite hostname="Nitis-Air.modem" failures="0" tests="1" name="com.rahul.testautomation.ebay.tests.UITest" time="18.036" errors="0" timestamp="2022-02-27T18:37:34 AEDT" skipped="0">
  <testcase classname="com.rahul.testautomation.ebay.tests.UITest" name="searchProduct" time="18.036"/>
  <system-out/>
</testsuite> <!-- com.rahul.testautomation.ebay.tests.UITest -->
